nohup: ignoring input
loading configuration from cfg/debug.yml
CONFIGURATIONS:
{'ann_path': 'kinetics-700-hdf5.json',
 'batch_size': 64,
 'clip_len': 5,
 'config_name': 'debug_aolab',
 'dampening_rate': 0.1,
 'data_path': '/home/ubuntu/local/kinetics',
 'downsample': 3,
 'dropout': 0.1,
 'finetune_batch_size': 64,
 'finetune_dampening_rate': 0.1,
 'finetune_dropout': 0.1,
 'finetune_from': None,
 'finetune_gpu_ids': [0, 1, 2, 3],
 'finetune_lr': 0.001,
 'finetune_patience': 5,
 'finetune_weight_decay': 1e-05,
 'gpu_ids': [0, 1, 2, 3],
 'grad_clip': 0.0,
 'hidden_size': 512,
 'input_size': 512,
 'kernel_size': 1,
 'lr': 0.001,
 'max_epoch': 30,
 'n_clip': 8,
 'num_layers': 1,
 'num_workers': 16,
 'only_best_checkpoint': False,
 'outpath': 'out',
 'patience': 5,
 'pred_step': 3,
 'project_name': 'DPC',
 'resize': 112,
 'use_wandb': False,
 'video_path': 'videos_700_hdf5',
 'weight_decay': 1e-05}
loading model from out/debug_aolab/ep007.ckpt
best score is set to 55.07173166296224, restarting from epoch 8
using GPU numbers [0, 1, 2, 3]
517712 videos for train
33253 videos for val
global time elapsed: 15s | start training epoch 8
